 WARN [pool-2-thread-6] 2018-06-24 16:53:32 (Request.java:87) Error talking to /172.29.37.98:62359
java.net.SocketException: Connection reset
	at java.net.SocketInputStream.read(SocketInputStream.java:210) ~[?:1.8.0_144]
	at java.net.SocketInputStream.read(SocketInputStream.java:141) ~[?:1.8.0_144]
	at sun.security.ssl.InputRecord.readFully(InputRecord.java:465) ~[?:1.8.0_144]
	at sun.security.ssl.InputRecord.read(InputRecord.java:503) ~[?:1.8.0_144]
	at sun.security.ssl.SSLSocketImpl.readRecord(SSLSocketImpl.java:983) ~[?:1.8.0_144]
	at sun.security.ssl.SSLSocketImpl.performInitialHandshake(SSLSocketImpl.java:1385) ~[?:1.8.0_144]
	at sun.security.ssl.SSLSocketImpl.readDataRecord(SSLSocketImpl.java:938) ~[?:1.8.0_144]
	at sun.security.ssl.AppInputStream.read(AppInputStream.java:105) ~[?:1.8.0_144]
	at sun.security.ssl.AppInputStream.read(AppInputStream.java:71) ~[?:1.8.0_144]
	at Request.run(Request.java:46) [MyHttpServer/:?]
	at java.util.concurrent.Executors$RunnableAdapter.call(Executors.java:511) [?:1.8.0_144]
	at java.util.concurrent.FutureTask.run(FutureTask.java:266) [?:1.8.0_144]
	at java.util.concurrent.ThreadPoolExecutor.runWorker(ThreadPoolExecutor.java:1149) [?:1.8.0_144]
	at java.util.concurrent.ThreadPoolExecutor$Worker.run(ThreadPoolExecutor.java:624) [?:1.8.0_144]
	at java.lang.Thread.run(Thread.java:748) [?:1.8.0_144]
 WARN [pool-2-thread-13] 2018-06-24 16:53:32 (ResponseProcessor.java:75) Error to write.
java.net.SocketException: Connection reset by peer: socket write error
	at java.net.SocketOutputStream.socketWrite0(Native Method) ~[?:1.8.0_144]
	at java.net.SocketOutputStream.socketWrite(SocketOutputStream.java:111) ~[?:1.8.0_144]
	at java.net.SocketOutputStream.write(SocketOutputStream.java:155) ~[?:1.8.0_144]
	at sun.security.ssl.OutputRecord.writeBuffer(OutputRecord.java:431) ~[?:1.8.0_144]
	at sun.security.ssl.OutputRecord.write(OutputRecord.java:417) ~[?:1.8.0_144]
	at sun.security.ssl.SSLSocketImpl.writeRecordInternal(SSLSocketImpl.java:886) ~[?:1.8.0_144]
	at sun.security.ssl.SSLSocketImpl.writeRecord(SSLSocketImpl.java:857) ~[?:1.8.0_144]
	at sun.security.ssl.AppOutputStream.write(AppOutputStream.java:123) ~[?:1.8.0_144]
	at java.io.BufferedOutputStream.write(BufferedOutputStream.java:122) ~[?:1.8.0_144]
	at java.io.FilterOutputStream.write(FilterOutputStream.java:97) ~[?:1.8.0_144]
	at ResponseProcessor.doGET(ResponseProcessor.java:65) [MyHttpServer/:?]
	at Request.run(Request.java:70) [MyHttpServer/:?]
	at java.util.concurrent.Executors$RunnableAdapter.call(Executors.java:511) [?:1.8.0_144]
	at java.util.concurrent.FutureTask.run(FutureTask.java:266) [?:1.8.0_144]
	at java.util.concurrent.ThreadPoolExecutor.runWorker(ThreadPoolExecutor.java:1149) [?:1.8.0_144]
	at java.util.concurrent.ThreadPoolExecutor$Worker.run(ThreadPoolExecutor.java:624) [?:1.8.0_144]
	at java.lang.Thread.run(Thread.java:748) [?:1.8.0_144]
 WARN [pool-2-thread-15] 2018-06-24 16:53:33 (ResponseProcessor.java:75) Error to write.
java.net.SocketException: Connection reset by peer: socket write error
	at java.net.SocketOutputStream.socketWrite0(Native Method) ~[?:1.8.0_144]
	at java.net.SocketOutputStream.socketWrite(SocketOutputStream.java:111) ~[?:1.8.0_144]
	at java.net.SocketOutputStream.write(SocketOutputStream.java:155) ~[?:1.8.0_144]
	at sun.security.ssl.OutputRecord.writeBuffer(OutputRecord.java:431) ~[?:1.8.0_144]
	at sun.security.ssl.OutputRecord.write(OutputRecord.java:417) ~[?:1.8.0_144]
	at sun.security.ssl.SSLSocketImpl.writeRecordInternal(SSLSocketImpl.java:886) ~[?:1.8.0_144]
	at sun.security.ssl.SSLSocketImpl.writeRecord(SSLSocketImpl.java:857) ~[?:1.8.0_144]
	at sun.security.ssl.AppOutputStream.write(AppOutputStream.java:123) ~[?:1.8.0_144]
	at java.io.BufferedOutputStream.write(BufferedOutputStream.java:122) ~[?:1.8.0_144]
	at java.io.FilterOutputStream.write(FilterOutputStream.java:97) ~[?:1.8.0_144]
	at ResponseProcessor.doGET(ResponseProcessor.java:65) [MyHttpServer/:?]
	at Request.run(Request.java:70) [MyHttpServer/:?]
	at java.util.concurrent.Executors$RunnableAdapter.call(Executors.java:511) [?:1.8.0_144]
	at java.util.concurrent.FutureTask.run(FutureTask.java:266) [?:1.8.0_144]
	at java.util.concurrent.ThreadPoolExecutor.runWorker(ThreadPoolExecutor.java:1149) [?:1.8.0_144]
	at java.util.concurrent.ThreadPoolExecutor$Worker.run(ThreadPoolExecutor.java:624) [?:1.8.0_144]
	at java.lang.Thread.run(Thread.java:748) [?:1.8.0_144]
 WARN [pool-2-thread-17] 2018-06-24 16:53:33 (Request.java:87) Error talking to /172.29.37.98:62370
java.net.SocketException: Connection reset
	at java.net.SocketInputStream.read(SocketInputStream.java:210) ~[?:1.8.0_144]
	at java.net.SocketInputStream.read(SocketInputStream.java:141) ~[?:1.8.0_144]
	at sun.security.ssl.InputRecord.readFully(InputRecord.java:465) ~[?:1.8.0_144]
	at sun.security.ssl.InputRecord.read(InputRecord.java:503) ~[?:1.8.0_144]
	at sun.security.ssl.SSLSocketImpl.readRecord(SSLSocketImpl.java:983) ~[?:1.8.0_144]
	at sun.security.ssl.SSLSocketImpl.waitForClose(SSLSocketImpl.java:1779) ~[?:1.8.0_144]
	at sun.security.ssl.HandshakeOutStream.flush(HandshakeOutStream.java:124) ~[?:1.8.0_144]
	at sun.security.ssl.ServerHandshaker.clientHello(ServerHandshaker.java:990) ~[?:1.8.0_144]
	at sun.security.ssl.ServerHandshaker.processMessage(ServerHandshaker.java:224) ~[?:1.8.0_144]
	at sun.security.ssl.Handshaker.processLoop(Handshaker.java:1026) ~[?:1.8.0_144]
	at sun.security.ssl.Handshaker.process_record(Handshaker.java:961) ~[?:1.8.0_144]
	at sun.security.ssl.SSLSocketImpl.readRecord(SSLSocketImpl.java:1072) ~[?:1.8.0_144]
	at sun.security.ssl.SSLSocketImpl.performInitialHandshake(SSLSocketImpl.java:1385) ~[?:1.8.0_144]
	at sun.security.ssl.SSLSocketImpl.readDataRecord(SSLSocketImpl.java:938) ~[?:1.8.0_144]
	at sun.security.ssl.AppInputStream.read(AppInputStream.java:105) ~[?:1.8.0_144]
	at sun.security.ssl.AppInputStream.read(AppInputStream.java:71) ~[?:1.8.0_144]
	at Request.run(Request.java:46) [MyHttpServer/:?]
	at java.util.concurrent.Executors$RunnableAdapter.call(Executors.java:511) [?:1.8.0_144]
	at java.util.concurrent.FutureTask.run(FutureTask.java:266) [?:1.8.0_144]
	at java.util.concurrent.ThreadPoolExecutor.runWorker(ThreadPoolExecutor.java:1149) [?:1.8.0_144]
	at java.util.concurrent.ThreadPoolExecutor$Worker.run(ThreadPoolExecutor.java:624) [?:1.8.0_144]
	at java.lang.Thread.run(Thread.java:748) [?:1.8.0_144]
